Program started
Program started
Internet OK!!!!!!!!!!!
Internet ABSENT! 23.07.2010 22:17:28
Internet RESTORED! 00:00:04 (23.07.2010 22:17:28 - 23.07.2010 22:17:33)
Internet ABSENT! 23.07.2010 22:17:38
Internet RESTORED! 00:00:00 (23.07.2010 22:17:38 - 23.07.2010 22:17:39)
Internet ABSENT! 23.07.2010 22:18:01
Internet RESTORED! 00:00:00 (23.07.2010 22:18:01 - 23.07.2010 22:18:02)
Internet ABSENT! 23.07.2010 22:18:13
Internet RESTORED! 00:00:00 (23.07.2010 22:18:13 - 23.07.2010 22:18:14)
Internet ABSENT! 23.07.2010 22:18:30
Internet RESTORED! 00:00:00 (23.07.2010 22:18:30 - 23.07.2010 22:18:31)
[23.07.2010 22:20:45] Program started
[23.07.2010 22:20:45] Internet OK!
[23.07.2010 22:21:02] Internet ABSENT! 23.07.2010 22:21:02
[23.07.2010 22:21:03] Internet RESTORED! 00:00:00 (23.07.2010 22:21:02 - 23.07.2010 22:21:03)
[23.07.2010 22:21:11] Internet ABSENT! 23.07.2010 22:21:11
[23.07.2010 22:21:12] Internet RESTORED! 00:00:00 (23.07.2010 22:21:11 - 23.07.2010 22:21:12)
[23.07.2010 22:21:20] Internet ABSENT! 23.07.2010 22:21:20
[23.07.2010 22:21:21] Internet RESTORED! 00:00:00 (23.07.2010 22:21:20 - 23.07.2010 22:21:21)
[23.07.2010 22:21:31] Internet ABSENT! 23.07.2010 22:21:31
[23.07.2010 22:21:32] Internet RESTORED! 00:00:00 (23.07.2010 22:21:31 - 23.07.2010 22:21:32)
[23.07.2010 22:21:39] Internet ABSENT! 23.07.2010 22:21:39
[23.07.2010 22:21:40] Internet RESTORED! 00:00:00 (23.07.2010 22:21:39 - 23.07.2010 22:21:40)
[23.07.2010 22:21:45] Internet ABSENT! 23.07.2010 22:21:45
[23.07.2010 22:21:46] Internet RESTORED! 00:00:00 (23.07.2010 22:21:45 - 23.07.2010 22:21:46)
[23.07.2010 22:21:50] Internet ABSENT! 23.07.2010 22:21:50
[23.07.2010 22:21:51] Internet RESTORED! 00:00:00 (23.07.2010 22:21:50 - 23.07.2010 22:21:51)
[23.07.2010 22:22:15] Internet ABSENT! 23.07.2010 22:22:15
[23.07.2010 22:22:16] Internet RESTORED! 00:00:00 (23.07.2010 22:22:15 - 23.07.2010 22:22:16)
[23.07.2010 22:22:31] Internet ABSENT! 23.07.2010 22:22:31
[23.07.2010 22:22:32] Internet RESTORED! 00:00:00 (23.07.2010 22:22:31 - 23.07.2010 22:22:32)
[23.07.2010 22:22:59] Internet ABSENT! 23.07.2010 22:22:59
[23.07.2010 22:23:00] Internet RESTORED! 00:00:00 (23.07.2010 22:22:59 - 23.07.2010 22:23:00)
[23.07.2010 22:25:42] Program started
[23.07.2010 22:25:42] Internet OK!
[23.07.2010 22:25:54] Internet ABSENT! 23.07.2010 22:25:54
[23.07.2010 22:25:54] Internet RESTORED! 00:00:00 (23.07.2010 22:25:54 - 23.07.2010 22:25:54)
[23.07.2010 22:27:53] Programm started
[23.07.2010 22:27:53] Internet OK!
[23.07.2010 22:27:59] Internet ABSENT! 23.07.2010 22:27:59
[23.07.2010 22:28:04] Internet RESTORED! 00:00:04 (23.07.2010 22:27:59 - 23.07.2010 22:28:04)
[23.07.2010 22:28:32] Internet ABSENT! 23.07.2010 22:28:32
[23.07.2010 22:28:32] Internet RESTORED! 00:00:00 (23.07.2010 22:28:32 - 23.07.2010 22:28:32)
[23.07.2010 22:29:04] Internet ABSENT! 23.07.2010 22:29:04
[23.07.2010 22:29:04] Internet RESTORED! 00:00:00 (23.07.2010 22:29:04 - 23.07.2010 22:29:04)
[23.07.2010 22:29:15] Internet ABSENT! 23.07.2010 22:29:15
[23.07.2010 22:29:15] Internet RESTORED! 00:00:00 (23.07.2010 22:29:15 - 23.07.2010 22:29:15)
[23.07.2010 22:29:35] Internet ABSENT! 23.07.2010 22:29:35
[23.07.2010 22:29:35] Internet RESTORED! 00:00:00 (23.07.2010 22:29:35 - 23.07.2010 22:29:35)
[23.07.2010 22:29:49] Internet ABSENT! 23.07.2010 22:29:49
[23.07.2010 22:29:49] Internet RESTORED! 00:00:00 (23.07.2010 22:29:49 - 23.07.2010 22:29:49)
[23.07.2010 22:29:55] Internet ABSENT! 23.07.2010 22:29:55
[23.07.2010 22:29:55] Internet RESTORED! 00:00:00 (23.07.2010 22:29:55 - 23.07.2010 22:29:55)
[23.07.2010 22:30:05] Internet ABSENT! 23.07.2010 22:30:05
[23.07.2010 22:30:05] Internet RESTORED! 00:00:00 (23.07.2010 22:30:05 - 23.07.2010 22:30:05)
[23.07.2010 22:30:10] Internet ABSENT! 23.07.2010 22:30:10
[23.07.2010 22:30:10] Internet RESTORED! 00:00:00 (23.07.2010 22:30:10 - 23.07.2010 22:30:10)
[23.07.2010 22:30:47] Internet ABSENT! 23.07.2010 22:30:47
[23.07.2010 22:30:47] Internet RESTORED! 00:00:00 (23.07.2010 22:30:47 - 23.07.2010 22:30:47)
[23.07.2010 22:30:54] Internet ABSENT! 23.07.2010 22:30:54
[23.07.2010 22:30:54] Internet RESTORED! 00:00:00 (23.07.2010 22:30:54 - 23.07.2010 22:30:54)
[23.07.2010 22:31:15] Internet ABSENT! 23.07.2010 22:31:15
[23.07.2010 22:31:15] Internet RESTORED! 00:00:00 (23.07.2010 22:31:15 - 23.07.2010 22:31:15)
[23.07.2010 22:31:27] Internet ABSENT! 23.07.2010 22:31:27
[23.07.2010 22:31:27] Internet RESTORED! 00:00:00 (23.07.2010 22:31:27 - 23.07.2010 22:31:27)
[23.07.2010 22:31:40] Internet ABSENT! 23.07.2010 22:31:40
[23.07.2010 22:31:40] Internet RESTORED! 00:00:00 (23.07.2010 22:31:40 - 23.07.2010 22:31:40)
[23.07.2010 22:31:50] Internet ABSENT! 23.07.2010 22:31:50
[23.07.2010 22:31:50] Internet RESTORED! 00:00:00 (23.07.2010 22:31:50 - 23.07.2010 22:31:50)
[23.07.2010 22:31:53] Programm Closed
[23.07.2010 22:32:03] Programm started
[23.07.2010 22:32:04] Internet OK!
[23.07.2010 22:32:06] Programm Closed
[23.07.2010 22:35:18] Programm started
[23.07.2010 22:35:18] Internet OK!
[23.07.2010 22:35:39] Programm Closed
[23.07.2010 22:36:07] Programm started
[23.07.2010 22:36:08] Internet OK!
[23.07.2010 22:36:14] Programm Closed
[23.07.2010 22:38:14] Programm started
[23.07.2010 22:38:15] Internet OK!
[23.07.2010 22:38:21] Programm Closed
[23.07.2010 22:39:53] Programm started
[23.07.2010 22:39:53] Internet OK!
[23.07.2010 22:40:05] Programm Closed
[23.07.2010 22:40:34] Programm started
[23.07.2010 22:40:34] Internet OK!
[23.07.2010 22:40:46] Programm Closed
[23.07.2010 22:41:20] Programm started
[23.07.2010 22:41:21] Internet OK!
[23.07.2010 22:41:32] Programm Closed
[23.07.2010 22:44:50] Programm started
[23.07.2010 22:44:51] Internet OK!
[23.07.2010 22:44:56] Programm Closed
[23.07.2010 22:46:47] Programm started
[23.07.2010 22:46:52] Internet ABSENT!
[23.07.2010 22:46:52] Internet RESTORED! 00:00:00 (23.07.2010 22:46:52 - 23.07.2010 22:46:52)
[23.07.2010 22:47:00] Internet ABSENT! 23.07.2010 22:47:00
[23.07.2010 22:47:00] Internet RESTORED! 00:00:00 (23.07.2010 22:47:00 - 23.07.2010 22:47:00)
[23.07.2010 22:47:18] Internet ABSENT! 23.07.2010 22:47:18
[23.07.2010 22:47:18] Internet RESTORED! 00:00:00 (23.07.2010 22:47:18 - 23.07.2010 22:47:18)
[23.07.2010 22:47:29] Internet ABSENT! 23.07.2010 22:47:29
[23.07.2010 22:47:29] Internet RESTORED! 00:00:00 (23.07.2010 22:47:29 - 23.07.2010 22:47:29)
[23.07.2010 22:48:05] Internet ABSENT! 23.07.2010 22:48:05
[23.07.2010 22:48:06] Internet RESTORED! 00:00:00 (23.07.2010 22:48:05 - 23.07.2010 22:48:06)
[23.07.2010 22:48:07] Programm Closed
[23.07.2010 22:49:16] Programm started
[23.07.2010 22:49:16] Internet OK!
[23.07.2010 22:49:22] Programm Closed
[23.07.2010 23:00:54] Programm started
[23.07.2010 23:00:55] Internet OK!
[23.07.2010 23:01:08] Internet ABSENT! 23.07.2010 23:01:08
[23.07.2010 23:01:10] Internet RESTORED! 00:00:01 (23.07.2010 23:01:08 - 23.07.2010 23:01:10)
[23.07.2010 23:01:10] Programm Closed
[23.07.2010 23:28:33] Programm started
[23.07.2010 23:28:34] Internet OK!
[23.07.2010 23:28:43] Programm Closed
[23.07.2010 23:33:42] Programm started
[23.07.2010 23:33:43] Internet OK!
[23.07.2010 23:37:10] Internet ABSENT! 23.07.2010 23:37:10
[23.07.2010 23:37:11] Internet RESTORED! 00:00:01 (23.07.2010 23:37:10 - 23.07.2010 23:37:11)
[23.07.2010 23:38:12] Internet ABSENT! 23.07.2010 23:38:12
[23.07.2010 23:38:13] Internet RESTORED! 00:00:00 (23.07.2010 23:38:12 - 23.07.2010 23:38:13)
[23.07.2010 23:45:35] Programm Closed
[10.10.2010 19:17:16] Programm started
[10.10.2010 19:17:31] Programm Closed
[10.10.2010 19:17:41] Programm started
[10.10.2010 19:18:15] Internet            ABSENT! 10.10.2010 19:17:41
[10.10.2010 19:19:38] Internet RESTORED! 00:01:56 (10.10.2010 19:17:41 - 10.10.2010 19:19:38)
[10.10.2010 19:19:38] Programm Closed
[10.10.2010 19:21:25] Programm started
[10.10.2010 19:22:10] Internet            ABSENT! 10.10.2010 19:21:30
[10.10.2010 19:22:41] Internet RESTORED! 00:01:10 (10.10.2010 19:21:30 - 10.10.2010 19:22:41)
[10.10.2010 19:22:41] Programm Closed
[10.10.2010 19:23:08] Programm started
[10.10.2010 19:23:27] Programm Closed
[10.10.2010 19:24:41] Programm started
[10.10.2010 19:25:13] Programm Closed
[10.10.2010 19:38:04] Programm started
[10.10.2010 19:39:41] Programm Closed
[10.10.2010 19:41:58] Programm started
[10.10.2010 19:54:22] Programm Closed
[10.10.2010 19:55:46] Programm started
[10.10.2010 19:55:46] Programm started
[10.10.2010 19:56:03] Programm Closed
[10.10.2010 19:56:05] Programm Closed
[10.10.2010 19:56:41] Programm started
[10.10.2010 19:57:17] Programm Closed
